--------------------------------------------------------------------------------
Release 14.7 Trace  (lin64)
Copyright (c) 1995-2013 Xilinx, Inc.  All rights reserved.

/opt/Xilinx/14.7/ISE_DS/ISE/bin/lin64/unwrapped/trce -intstyle ise -v 3 -s 4 -n
3 -fastpaths -xml multiplicador.twx multiplicador.ncd -o multiplicador.twr
multiplicador.pcf -ucf multiplicador.ucf

Design file:              multiplicador.ncd
Physical constraint file: multiplicador.pcf
Device,package,speed:     xc3s500e,fg320,-4 (PRODUCTION 1.27 2013-10-13)
Report level:             verbose report

Environment Variable      Effect 
--------------------      ------ 
NONE                      No environment variables were set
--------------------------------------------------------------------------------

INFO:Timing:2698 - No timing constraints found, doing default enumeration.
INFO:Timing:3412 - To improve timing, see the Timing Closure User Guide (UG612).
INFO:Timing:2752 - To get complete path coverage, use the unconstrained paths 
   option. All paths that are not constrained will be reported in the 
   unconstrained paths section(s) of the report.
INFO:Timing:3339 - The clock-to-out numbers in this timing report are based on 
   a 50 Ohm transmission line loading model.  For the details of this model, 
   and for more information on accounting for different loading conditions, 
   please see the device datasheet.
INFO:Timing:3390 - This architecture does not support a default System Jitter 
   value, please add SYSTEM_JITTER constraint to the UCF to modify the Clock 
   Uncertainty calculation.
INFO:Timing:3389 - This architecture does not support 'Discrete Jitter' and 
   'Phase Error' calculations, these terms will be zero in the Clock 
   Uncertainty calculation.  Please make appropriate modification to 
   SYSTEM_JITTER to account for the unsupported Discrete Jitter and Phase 
   Error.



Data Sheet report:
-----------------
All values displayed in nanoseconds (ns)

Pad to Pad
---------------+---------------+---------+
Source Pad     |Destination Pad|  Delay  |
---------------+---------------+---------+
A0             |C0             |    8.785|
A0             |C1             |    8.659|
A0             |C2             |   10.118|
A0             |C3             |   11.000|
A0             |C4             |   10.561|
A1             |C1             |    9.834|
A1             |C2             |    9.897|
A1             |C3             |    9.326|
A1             |C4             |   11.198|
A1             |C5             |   10.433|
A2             |C2             |    9.094|
A2             |C3             |    8.303|
A2             |C4             |    9.121|
A2             |C5             |    8.149|
B0             |C0             |    9.105|
B0             |C1             |    9.507|
B0             |C2             |   10.465|
B0             |C3             |   11.295|
B0             |C4             |   10.856|
B1             |C1             |    8.881|
B1             |C2             |    8.944|
B1             |C3             |    8.918|
B1             |C4             |    9.064|
B1             |C5             |    8.135|
B2             |C2             |    9.478|
B2             |C3             |    8.680|
B2             |C4             |    9.353|
B2             |C5             |    8.533|
---------------+---------------+---------+


Analysis completed Tue Oct 18 14:45:07 2022 
--------------------------------------------------------------------------------

Trace Settings:
-------------------------
Trace Settings 

Peak Memory Usage: 347 MB



