#-----------------------------------------------------------
# PlanAhead v14.7 (64-bit)
# Build 321239 by xbuild on Fri Sep 27 19:24:36 MDT 2013
# Start of session at: Tue Oct 18 14:32:31 2022
# Process ID: 4216
# Log file: /home/ise/Desktop/Practica_Multiplicador/planAhead_run_1/planAhead.log
# Journal file: /home/ise/Desktop/Practica_Multiplicador/planAhead_run_1/planAhead.jou
#-----------------------------------------------------------
INFO: [Common 17-78] Attempting to get a license: PlanAhead
INFO: [Common 17-290] Got license for PlanAhead
INFO: [Common 17-86] Your PlanAhead license expires in -1997 day(s)
INFO: [Device 21-36] Loading parts and site information from /opt/Xilinx/14.7/ISE_DS/PlanAhead/data/parts/arch.xml
Parsing RTL primitives file [/opt/Xilinx/14.7/ISE_DS/PlanAhead/data/parts/xilinx/rtl/prims/rtl_prims.xml]
Finished parsing RTL primitives file [/opt/Xilinx/14.7/ISE_DS/PlanAhead/data/parts/xilinx/rtl/prims/rtl_prims.xml]
start_gui
source /home/ise/Desktop/Practica_Multiplicador/pa.fromHdl.tcl
# create_project -name Practica_Multiplicador -dir "/home/ise/Desktop/Practica_Multiplicador/planAhead_run_1" -part xc3s500efg320-4
create_project: Time (s): cpu = 00:00:02 ; elapsed = 00:00:06 . Memory (MB): peak = 2640.992 ; gain = 30.172
# set_param project.pinAheadLayout yes
# set srcset [get_property srcset [current_run -impl]]
# set_property target_constrs_file "multiplicador.ucf" [current_fileset -constrset]
Adding file '/home/ise/Desktop/Practica_Multiplicador/multiplicador.ucf' to fileset 'constrs_1'
# set hdlfile [add_files [list {multiplicador.vhd}]]
# set_property file_type VHDL $hdlfile
# set_property library work $hdlfile
# set_property top multiplicador $srcset
# add_files [list {multiplicador.ucf}] -fileset [get_property constrset [current_run]]
# open_rtl_design -part xc3s500efg320-4
Using Verific elaboration
Parsing VHDL file "/opt/Xilinx/14.7/ISE_DS/PlanAhead/data/parts/xilinx/rtl/lib/synplify/synattr.vhd" into library synplify
Parsing VHDL file "/opt/Xilinx/14.7/ISE_DS/PlanAhead/data/parts/xilinx/rtl/lib/synplify/synattr.vhd" into library synplify
Parsing VHDL file "/home/ise/Desktop/Practica_Multiplicador/multiplicador.vhd" into library work
INFO: [Designutils 20-910] Reading macro library /opt/Xilinx/14.7/ISE_DS/PlanAhead/data/./parts/xilinx/spartan3e/spartan3e/hd_int_macros.edn
Parsing EDIF File [/opt/Xilinx/14.7/ISE_DS/PlanAhead/data/./parts/xilinx/spartan3e/spartan3e/hd_int_macros.edn]
Finished Parsing EDIF File [/opt/Xilinx/14.7/ISE_DS/PlanAhead/data/./parts/xilinx/spartan3e/spartan3e/hd_int_macros.edn]
Loading clock regions from /opt/Xilinx/14.7/ISE_DS/PlanAhead/data/parts/xilinx/spartan3e/spartan3e/xc3s500e/ClockRegion.xml
Loading clock buffers from /opt/Xilinx/14.7/ISE_DS/PlanAhead/data/parts/xilinx/spartan3e/spartan3e/xc3s500e/ClockBuffers.xml
Loading package from /opt/Xilinx/14.7/ISE_DS/PlanAhead/data/parts/xilinx/spartan3e/spartan3e/xc3s500e/fg320/Package.xml
Loading io standards from /opt/Xilinx/14.7/ISE_DS/PlanAhead/data/./parts/xilinx/spartan3e/IOStandards.xml
INFO: [Device 21-19] Loading pkg sso from /opt/Xilinx/14.7/ISE_DS/PlanAhead/data/parts/xilinx/spartan3e/spartan3e/xc3s500e/fg320/SSORules.xml
Loading list of drcs for the architecture : /opt/Xilinx/14.7/ISE_DS/PlanAhead/data/./parts/xilinx/spartan3e/spartan3e/drc.xml
INFO: [Timing 38-77] Reading timing library /opt/Xilinx/14.7/ISE_DS/PlanAhead/data/parts/xilinx/spartan3e/spartan3e/spartan3e-4.lib.
INFO: [Timing 38-34] Done reading timing library /opt/Xilinx/14.7/ISE_DS/PlanAhead/data/parts/xilinx/spartan3e/spartan3e/spartan3e-4.lib.
Parsing UCF File [/home/ise/Desktop/Practica_Multiplicador/multiplicador.ucf]
Finished Parsing UCF File [/home/ise/Desktop/Practica_Multiplicador/multiplicador.ucf]
INFO: [Project 1-111] Unisim Transformation Summary:
No Unisim elements were transformed.

Phase 0 | Netlist Checksum: 0e46c094
open_rtl_design: Time (s): cpu = 00:00:06 ; elapsed = 00:00:13 . Memory (MB): peak = 2755.828 ; gain = 102.820
update_compile_order -fileset sim_1
startgroup
set_property package_pin L13 [get_ports A0]
endgroup
startgroup
set_property package_pin L14 [get_ports A1]
endgroup
startgroup
set_property package_pin H18 [get_ports A2]
endgroup
startgroup
set_property package_pin N17 [get_ports B0]
endgroup
startgroup
set_property package_pin D18 [get_ports B1]
endgroup
startgroup
set_property package_pin K17 [get_ports B2]
endgroup
startgroup
set_property package_pin H13 [get_ports C0]
endgroup
startgroup
set_property package_pin F12 [get_ports C1]
endgroup
startgroup
set_property package_pin E12 [get_ports C2]
endgroup
startgroup
set_property package_pin E11 [get_ports C3]
endgroup
startgroup
set_property package_pin F11 [get_ports C4]
endgroup
startgroup
set_property package_pin C11 [get_ports C5]
endgroup
save_constraints
exit
ERROR: [#UNDEF] *** Exception: ui.h.b: Found deleted key in HTclEventBroker. Verify if the classes listed here call cleanup()
HTclEvent: DEBUG_PORT_CONFIG_CHANGE   Classes: ui.views.aR 
HTclEvent: SIGNAL_MODIFY   Classes: ui.views.aR 
HTclEvent: SIGNAL_BUS_MODIFY   Classes: ui.views.aR 
HTclEvent: DEBUG_CORE_CONFIG_CHANGE   Classes: ui.views.aR 
 (See /home/ise/Desktop/Practica_Multiplicador/planAhead_pid4216.debug)
ERROR: [Common 17-39] 'stop_gui' failed due to earlier errors.
INFO: [Common 17-206] Exiting PlanAhead at Tue Oct 18 14:36:19 2022...
INFO: [Common 17-83] Releasing license: PlanAhead
